<?xml version="1.0" encoding="UTF-8" ?>
<testsuites errors="0"
            failures="1"
            tests="1">

  <testsuite name="Create Schedule"
    errors="0" failures="1" hostname="" id="" package="Create Schedule" skipped="0"
    tests="1" time="16.17" timestamp="Tue, 12 Dec 2017 09:25:19 GMT">
  
    <testcase name="Create Schedule" classname="Create Schedule" time="16.17" assertions="26">

    

    

    

    

    

    

    

    

    

    

    

    

    

    

    

    

    

    

    

    

    

    

    

    

      <failure message="Failed [ok]: (FAILED: &#39;Change input to... &#34;testschedule&#34;&#39; - Couldn&#39;t find element. (Change input &#39;div:nth-of-type(2) &gt; div &gt; form &gt; div &gt; fieldset &gt; div &gt; input&#39; using &#39;CSS&#39;))">    at browser._elementPresent (/home/stagiaire/build/leosac/leosac-web/acceptance-test/snaptests/common/snaptest-nw-driver.js:237:22)
    at Object.&lt;anonymous&gt; (/home/stagiaire/build/leosac/leosac-web/acceptance-test/snaptests/common/snaptest-nw-driver.js:383:11)</failure>

    
    </testcase>
  

  

  
  </testsuite>
</testsuites>
